<?xml version="1.0" encoding="UTF-8"?>
<!-- Generated by org.testng.reporters.JUnitReportReporter -->
<testsuite hostname="YPTRNG11DT" name="runner.Runner" tests="1" failures="0" timestamp="15 Dec 2018 11:16:06 GMT" time="50.274" errors="0">
  <testcase name="feature" time="50.274" classname="runner.Runner"/>
</testsuite> <!-- runner.Runner -->
