<?xml version="1.0" encoding="UTF-8"?>
<!-- Generated by org.testng.reporters.JUnitReportReporter -->
<testsuite hostname="YPTRNG11DT" name="runner.Runner2" tests="1" failures="0" timestamp="15 Dec 2018 11:16:06 GMT" time="75.841" errors="0">
  <testcase name="feature" time="75.841" classname="runner.Runner2"/>
</testsuite> <!-- runner.Runner2 -->
